{"/Users/yml/practice/tree-traversal/lib/index.js": {"path":"/Users/yml/practice/tree-traversal/lib/index.js","statementMap":{"0":{"start":{"line":3,"column":0},"end":{"line":5,"column":3}},"1":{"start":{"line":6,"column":0},"end":{"line":6,"column":26}},"2":{"start":{"line":7,"column":0},"end":{"line":7,"column":50}},"3":{"start":{"line":9,"column":17},"end":{"line":9,"column":69}},"4":{"start":{"line":11,"column":20},"end":{"line":11,"column":75}},"5":{"start":{"line":13,"column":39},"end":{"line":13,"column":95}},"6":{"start":{"line":24,"column":2},"end":{"line":24,"column":114}},"7":{"start":{"line":24,"column":28},"end":{"line":24,"column":114}},"8":{"start":{"line":25,"column":2},"end":{"line":25,"column":166}},"9":{"start":{"line":25,"column":45},"end":{"line":25,"column":166}},"10":{"start":{"line":27,"column":2},"end":{"line":29,"column":3}},"11":{"start":{"line":28,"column":4},"end":{"line":28,"column":169}},"12":{"start":{"line":31,"column":2},"end":{"line":31,"column":64}},"13":{"start":{"line":35,"column":2},"end":{"line":35,"column":115}},"14":{"start":{"line":35,"column":28},"end":{"line":35,"column":115}},"15":{"start":{"line":37,"column":2},"end":{"line":39,"column":3}},"16":{"start":{"line":38,"column":4},"end":{"line":38,"column":116}},"17":{"start":{"line":41,"column":2},"end":{"line":41,"column":129}},"18":{"start":{"line":41,"column":31},"end":{"line":41,"column":129}},"19":{"start":{"line":42,"column":2},"end":{"line":46,"column":5}},"20":{"start":{"line":43,"column":4},"end":{"line":45,"column":5}},"21":{"start":{"line":44,"column":6},"end":{"line":44,"column":95}},"22":{"start":{"line":48,"column":2},"end":{"line":50,"column":3}},"23":{"start":{"line":49,"column":4},"end":{"line":49,"column":169}},"24":{"start":{"line":52,"column":2},"end":{"line":52,"column":76}}},"fnMap":{"0":{"name":"_interopRequireDefault","decl":{"start":{"line":13,"column":9},"end":{"line":13,"column":31}},"loc":{"start":{"line":13,"column":37},"end":{"line":13,"column":97}},"line":13},"1":{"name":"findOne","decl":{"start":{"line":23,"column":9},"end":{"line":23,"column":16}},"loc":{"start":{"line":23,"column":41},"end":{"line":32,"column":1}},"line":23},"2":{"name":"convertToLinkedList","decl":{"start":{"line":34,"column":9},"end":{"line":34,"column":28}},"loc":{"start":{"line":34,"column":60},"end":{"line":53,"column":1}},"line":34},"3":{"name":"(anonymous_3)","decl":{"start":{"line":42,"column":21},"end":{"line":42,"column":22}},"loc":{"start":{"line":42,"column":35},"end":{"line":46,"column":3}},"line":42}},"branchMap":{"0":{"loc":{"start":{"line":13,"column":46},"end":{"line":13,"column":94}},"type":"cond-expr","locations":[{"start":{"line":13,"column":70},"end":{"line":13,"column":73}},{"start":{"line":13,"column":76},"end":{"line":13,"column":94}}],"line":13},"1":{"loc":{"start":{"line":13,"column":46},"end":{"line":13,"column":67}},"type":"binary-expr","locations":[{"start":{"line":13,"column":46},"end":{"line":13,"column":49}},{"start":{"line":13,"column":53},"end":{"line":13,"column":67}}],"line":13},"2":{"loc":{"start":{"line":24,"column":2},"end":{"line":24,"column":114}},"type":"if","locations":[{"start":{"line":24,"column":2},"end":{"line":24,"column":114}},{"start":{"line":24,"column":2},"end":{"line":24,"column":114}}],"line":24},"3":{"loc":{"start":{"line":25,"column":2},"end":{"line":25,"column":166}},"type":"if","locations":[{"start":{"line":25,"column":2},"end":{"line":25,"column":166}},{"start":{"line":25,"column":2},"end":{"line":25,"column":166}}],"line":25},"4":{"loc":{"start":{"line":25,"column":6},"end":{"line":25,"column":43}},"type":"binary-expr","locations":[{"start":{"line":25,"column":6},"end":{"line":25,"column":10}},{"start":{"line":25,"column":14},"end":{"line":25,"column":43}}],"line":25},"5":{"loc":{"start":{"line":27,"column":2},"end":{"line":29,"column":3}},"type":"if","locations":[{"start":{"line":27,"column":2},"end":{"line":29,"column":3}},{"start":{"line":27,"column":2},"end":{"line":29,"column":3}}],"line":27},"6":{"loc":{"start":{"line":27,"column":6},"end":{"line":27,"column":53}},"type":"binary-expr","locations":[{"start":{"line":27,"column":6},"end":{"line":27,"column":18}},{"start":{"line":27,"column":22},"end":{"line":27,"column":53}}],"line":27},"7":{"loc":{"start":{"line":35,"column":2},"end":{"line":35,"column":115}},"type":"if","locations":[{"start":{"line":35,"column":2},"end":{"line":35,"column":115}},{"start":{"line":35,"column":2},"end":{"line":35,"column":115}}],"line":35},"8":{"loc":{"start":{"line":37,"column":2},"end":{"line":39,"column":3}},"type":"if","locations":[{"start":{"line":37,"column":2},"end":{"line":39,"column":3}},{"start":{"line":37,"column":2},"end":{"line":39,"column":3}}],"line":37},"9":{"loc":{"start":{"line":41,"column":2},"end":{"line":41,"column":129}},"type":"if","locations":[{"start":{"line":41,"column":2},"end":{"line":41,"column":129}},{"start":{"line":41,"column":2},"end":{"line":41,"column":129}}],"line":41},"10":{"loc":{"start":{"line":43,"column":4},"end":{"line":45,"column":5}},"type":"if","locations":[{"start":{"line":43,"column":4},"end":{"line":45,"column":5}},{"start":{"line":43,"column":4},"end":{"line":45,"column":5}}],"line":43},"11":{"loc":{"start":{"line":43,"column":8},"end":{"line":43,"column":37}},"type":"binary-expr","locations":[{"start":{"line":43,"column":8},"end":{"line":43,"column":11}},{"start":{"line":43,"column":15},"end":{"line":43,"column":37}}],"line":43},"12":{"loc":{"start":{"line":48,"column":2},"end":{"line":50,"column":3}},"type":"if","locations":[{"start":{"line":48,"column":2},"end":{"line":50,"column":3}},{"start":{"line":48,"column":2},"end":{"line":50,"column":3}}],"line":48},"13":{"loc":{"start":{"line":48,"column":6},"end":{"line":48,"column":53}},"type":"binary-expr","locations":[{"start":{"line":48,"column":6},"end":{"line":48,"column":18}},{"start":{"line":48,"column":22},"end":{"line":48,"column":53}}],"line":48}},"s":{"0":2,"1":2,"2":2,"3":2,"4":2,"5":4,"6":6,"7":1,"8":5,"9":1,"10":4,"11":1,"12":3,"13":5,"14":1,"15":4,"16":1,"17":3,"18":0,"19":3,"20":4,"21":1,"22":2,"23":1,"24":1},"f":{"0":4,"1":6,"2":5,"3":4},"b":{"0":[4,0],"1":[4,4],"2":[1,5],"3":[1,4],"4":[5,5],"5":[1,3],"6":[4,4],"7":[1,4],"8":[1,3],"9":[0,3],"10":[1,3],"11":[4,3],"12":[1,1],"13":[2,1]},"_coverageSchema":"43e27e138ebf9cfc5966b082cf9a028302ed4184","hash":"65787dd6f307680ad02b0479de3370d88653e306"}
,"/Users/yml/practice/tree-traversal/lib/utils/findChild.js": {"path":"/Users/yml/practice/tree-traversal/lib/utils/findChild.js","statementMap":{"0":{"start":{"line":3,"column":0},"end":{"line":5,"column":3}},"1":{"start":{"line":6,"column":0},"end":{"line":6,"column":28}},"2":{"start":{"line":8,"column":35},"end":{"line":8,"column":115}},"3":{"start":{"line":10,"column":32},"end":{"line":10,"column":103}},"4":{"start":{"line":12,"column":34},"end":{"line":12,"column":160}},"5":{"start":{"line":12,"column":136},"end":{"line":12,"column":160}},"6":{"start":{"line":14,"column":35},"end":{"line":14,"column":164}},"7":{"start":{"line":14,"column":61},"end":{"line":14,"column":149}},"8":{"start":{"line":14,"column":74},"end":{"line":14,"column":75}},"9":{"start":{"line":14,"column":84},"end":{"line":14,"column":105}},"10":{"start":{"line":14,"column":130},"end":{"line":14,"column":147}},"11":{"start":{"line":14,"column":150},"end":{"line":14,"column":162}},"12":{"start":{"line":17,"column":16},"end":{"line":17,"column":86}},"13":{"start":{"line":18,"column":14},"end":{"line":18,"column":16}},"14":{"start":{"line":19,"column":24},"end":{"line":19,"column":48}},"15":{"start":{"line":21,"column":14},"end":{"line":36,"column":3}},"16":{"start":{"line":22,"column":4},"end":{"line":27,"column":5}},"17":{"start":{"line":23,"column":6},"end":{"line":23,"column":146}},"18":{"start":{"line":25,"column":6},"end":{"line":25,"column":18}},"19":{"start":{"line":26,"column":6},"end":{"line":26,"column":21}},"20":{"start":{"line":29,"column":4},"end":{"line":35,"column":5}},"21":{"start":{"line":30,"column":21},"end":{"line":30,"column":87}},"22":{"start":{"line":32,"column":6},"end":{"line":34,"column":7}},"23":{"start":{"line":33,"column":8},"end":{"line":33,"column":45}},"24":{"start":{"line":38,"column":2},"end":{"line":42,"column":3}},"25":{"start":{"line":38,"column":15},"end":{"line":38,"column":16}},"26":{"start":{"line":39,"column":15},"end":{"line":39,"column":23}},"27":{"start":{"line":41,"column":4},"end":{"line":41,"column":32}},"28":{"start":{"line":41,"column":26},"end":{"line":41,"column":32}},"29":{"start":{"line":44,"column":2},"end":{"line":46,"column":3}},"30":{"start":{"line":45,"column":4},"end":{"line":45,"column":102}},"31":{"start":{"line":48,"column":2},"end":{"line":48,"column":14}},"32":{"start":{"line":51,"column":15},"end":{"line":51,"column":24}},"33":{"start":{"line":52,"column":0},"end":{"line":52,"column":30}}},"fnMap":{"0":{"name":"_toConsumableArray","decl":{"start":{"line":8,"column":9},"end":{"line":8,"column":27}},"loc":{"start":{"line":8,"column":33},"end":{"line":8,"column":117}},"line":8},"1":{"name":"_nonIterableSpread","decl":{"start":{"line":10,"column":9},"end":{"line":10,"column":27}},"loc":{"start":{"line":10,"column":30},"end":{"line":10,"column":105}},"line":10},"2":{"name":"_iterableToArray","decl":{"start":{"line":12,"column":9},"end":{"line":12,"column":25}},"loc":{"start":{"line":12,"column":32},"end":{"line":12,"column":162}},"line":12},"3":{"name":"_arrayWithoutHoles","decl":{"start":{"line":14,"column":9},"end":{"line":14,"column":27}},"loc":{"start":{"line":14,"column":33},"end":{"line":14,"column":166}},"line":14},"4":{"name":"findChild","decl":{"start":{"line":16,"column":9},"end":{"line":16,"column":18}},"loc":{"start":{"line":16,"column":55},"end":{"line":49,"column":1}},"line":16},"5":{"name":"_loop","decl":{"start":{"line":21,"column":23},"end":{"line":21,"column":28}},"loc":{"start":{"line":21,"column":32},"end":{"line":36,"column":3}},"line":21},"6":{"name":"(anonymous_6)","decl":{"start":{"line":22,"column":43},"end":{"line":22,"column":44}},"loc":{"start":{"line":22,"column":58},"end":{"line":24,"column":5}},"line":22}},"branchMap":{"0":{"loc":{"start":{"line":8,"column":42},"end":{"line":8,"column":114}},"type":"binary-expr","locations":[{"start":{"line":8,"column":42},"end":{"line":8,"column":65}},{"start":{"line":8,"column":69},"end":{"line":8,"column":90}},{"start":{"line":8,"column":94},"end":{"line":8,"column":114}}],"line":8},"1":{"loc":{"start":{"line":12,"column":34},"end":{"line":12,"column":160}},"type":"if","locations":[{"start":{"line":12,"column":34},"end":{"line":12,"column":160}},{"start":{"line":12,"column":34},"end":{"line":12,"column":160}}],"line":12},"2":{"loc":{"start":{"line":12,"column":38},"end":{"line":12,"column":134}},"type":"binary-expr","locations":[{"start":{"line":12,"column":38},"end":{"line":12,"column":69}},{"start":{"line":12,"column":73},"end":{"line":12,"column":134}}],"line":12},"3":{"loc":{"start":{"line":14,"column":35},"end":{"line":14,"column":164}},"type":"if","locations":[{"start":{"line":14,"column":35},"end":{"line":14,"column":164}},{"start":{"line":14,"column":35},"end":{"line":14,"column":164}}],"line":14},"4":{"loc":{"start":{"line":17,"column":16},"end":{"line":17,"column":86}},"type":"cond-expr","locations":[{"start":{"line":17,"column":69},"end":{"line":17,"column":81}},{"start":{"line":17,"column":84},"end":{"line":17,"column":86}}],"line":17},"5":{"loc":{"start":{"line":17,"column":16},"end":{"line":17,"column":66}},"type":"binary-expr","locations":[{"start":{"line":17,"column":16},"end":{"line":17,"column":36}},{"start":{"line":17,"column":40},"end":{"line":17,"column":66}}],"line":17},"6":{"loc":{"start":{"line":22,"column":4},"end":{"line":27,"column":5}},"type":"if","locations":[{"start":{"line":22,"column":4},"end":{"line":27,"column":5}},{"start":{"line":22,"column":4},"end":{"line":27,"column":5}}],"line":22},"7":{"loc":{"start":{"line":29,"column":4},"end":{"line":35,"column":5}},"type":"if","locations":[{"start":{"line":29,"column":4},"end":{"line":35,"column":5}},{"start":{"line":29,"column":4},"end":{"line":35,"column":5}}],"line":29},"8":{"loc":{"start":{"line":29,"column":8},"end":{"line":29,"column":71}},"type":"binary-expr","locations":[{"start":{"line":29,"column":8},"end":{"line":29,"column":32}},{"start":{"line":29,"column":36},"end":{"line":29,"column":71}}],"line":29},"9":{"loc":{"start":{"line":32,"column":6},"end":{"line":34,"column":7}},"type":"if","locations":[{"start":{"line":32,"column":6},"end":{"line":34,"column":7}},{"start":{"line":32,"column":6},"end":{"line":34,"column":7}}],"line":32},"10":{"loc":{"start":{"line":41,"column":4},"end":{"line":41,"column":32}},"type":"if","locations":[{"start":{"line":41,"column":4},"end":{"line":41,"column":32}},{"start":{"line":41,"column":4},"end":{"line":41,"column":32}}],"line":41},"11":{"loc":{"start":{"line":44,"column":2},"end":{"line":46,"column":3}},"type":"if","locations":[{"start":{"line":44,"column":2},"end":{"line":46,"column":3}},{"start":{"line":44,"column":2},"end":{"line":46,"column":3}}],"line":44},"12":{"loc":{"start":{"line":45,"column":11},"end":{"line":45,"column":101}},"type":"cond-expr","locations":[{"start":{"line":45,"column":28},"end":{"line":45,"column":93}},{"start":{"line":45,"column":96},"end":{"line":45,"column":101}}],"line":45}},"s":{"0":2,"1":2,"2":15,"3":0,"4":0,"5":0,"6":15,"7":15,"8":15,"9":15,"10":32,"11":15,"12":8,"13":8,"14":8,"15":8,"16":10,"17":20,"18":4,"19":4,"20":6,"21":5,"22":5,"23":5,"24":8,"25":8,"26":10,"27":10,"28":4,"29":8,"30":8,"31":0,"32":2,"33":2},"f":{"0":15,"1":0,"2":0,"3":15,"4":8,"5":10,"6":20},"b":{"0":[15,0,0],"1":[0,0],"2":[0,0],"3":[15,0],"4":[8,0],"5":[8,8],"6":[4,6],"7":[5,1],"8":[6,6],"9":[5,0],"10":[4,6],"11":[8,0],"12":[5,3]},"_coverageSchema":"43e27e138ebf9cfc5966b082cf9a028302ed4184","hash":"5f5e9b996362043e8afb6dc18649d8042e3365fa"}
,"/Users/yml/practice/tree-traversal/lib/utils/toLinkedList.js": {"path":"/Users/yml/practice/tree-traversal/lib/utils/toLinkedList.js","statementMap":{"0":{"start":{"line":3,"column":0},"end":{"line":5,"column":3}},"1":{"start":{"line":6,"column":0},"end":{"line":6,"column":28}},"2":{"start":{"line":8,"column":33},"end":{"line":8,"column":464}},"3":{"start":{"line":8,"column":46},"end":{"line":8,"column":47}},"4":{"start":{"line":8,"column":91},"end":{"line":8,"column":131}},"5":{"start":{"line":8,"column":147},"end":{"line":8,"column":166}},"6":{"start":{"line":8,"column":168},"end":{"line":8,"column":382}},"7":{"start":{"line":8,"column":226},"end":{"line":8,"column":380}},"8":{"start":{"line":8,"column":312},"end":{"line":8,"column":375}},"9":{"start":{"line":8,"column":383},"end":{"line":8,"column":462}},"10":{"start":{"line":8,"column":416},"end":{"line":8,"column":458}},"11":{"start":{"line":8,"column":465},"end":{"line":8,"column":479}},"12":{"start":{"line":10,"column":44},"end":{"line":10,"column":195}},"13":{"start":{"line":10,"column":62},"end":{"line":10,"column":166}},"14":{"start":{"line":10,"column":176},"end":{"line":10,"column":193}},"15":{"start":{"line":10,"column":196},"end":{"line":10,"column":207}},"16":{"start":{"line":13,"column":15},"end":{"line":13,"column":87}},"17":{"start":{"line":14,"column":19},"end":{"line":14,"column":21}},"18":{"start":{"line":16,"column":2},"end":{"line":35,"column":3}},"19":{"start":{"line":16,"column":15},"end":{"line":16,"column":16}},"20":{"start":{"line":17,"column":21},"end":{"line":17,"column":47}},"21":{"start":{"line":19,"column":4},"end":{"line":19,"column":35}},"22":{"start":{"line":21,"column":20},"end":{"line":24,"column":17}},"23":{"start":{"line":22,"column":6},"end":{"line":22,"column":110}},"24":{"start":{"line":22,"column":29},"end":{"line":22,"column":110}},"25":{"start":{"line":23,"column":6},"end":{"line":23,"column":17}},"26":{"start":{"line":26,"column":4},"end":{"line":26,"column":132}},"27":{"start":{"line":26,"column":58},"end":{"line":26,"column":132}},"28":{"start":{"line":27,"column":4},"end":{"line":29,"column":8}},"29":{"start":{"line":31,"column":4},"end":{"line":34,"column":5}},"30":{"start":{"line":32,"column":24},"end":{"line":32,"column":92}},"31":{"start":{"line":33,"column":6},"end":{"line":33,"column":50}},"32":{"start":{"line":37,"column":2},"end":{"line":37,"column":20}},"33":{"start":{"line":40,"column":15},"end":{"line":40,"column":27}},"34":{"start":{"line":41,"column":0},"end":{"line":41,"column":30}}},"fnMap":{"0":{"name":"_objectSpread","decl":{"start":{"line":8,"column":9},"end":{"line":8,"column":22}},"loc":{"start":{"line":8,"column":31},"end":{"line":8,"column":481}},"line":8},"1":{"name":"(anonymous_1)","decl":{"start":{"line":8,"column":295},"end":{"line":8,"column":296}},"loc":{"start":{"line":8,"column":310},"end":{"line":8,"column":377}},"line":8},"2":{"name":"(anonymous_2)","decl":{"start":{"line":8,"column":399},"end":{"line":8,"column":400}},"loc":{"start":{"line":8,"column":414},"end":{"line":8,"column":460}},"line":8},"3":{"name":"_defineProperty","decl":{"start":{"line":10,"column":9},"end":{"line":10,"column":24}},"loc":{"start":{"line":10,"column":42},"end":{"line":10,"column":209}},"line":10},"4":{"name":"toLinkedList","decl":{"start":{"line":12,"column":9},"end":{"line":12,"column":21}},"loc":{"start":{"line":12,"column":53},"end":{"line":38,"column":1}},"line":12},"5":{"name":"(anonymous_5)","decl":{"start":{"line":21,"column":47},"end":{"line":21,"column":48}},"loc":{"start":{"line":21,"column":73},"end":{"line":24,"column":5}},"line":21}},"branchMap":{"0":{"loc":{"start":{"line":8,"column":91},"end":{"line":8,"column":131}},"type":"cond-expr","locations":[{"start":{"line":8,"column":114},"end":{"line":8,"column":126}},{"start":{"line":8,"column":129},"end":{"line":8,"column":131}}],"line":8},"1":{"loc":{"start":{"line":8,"column":168},"end":{"line":8,"column":382}},"type":"if","locations":[{"start":{"line":8,"column":168},"end":{"line":8,"column":382}},{"start":{"line":8,"column":168},"end":{"line":8,"column":382}}],"line":8},"2":{"loc":{"start":{"line":10,"column":44},"end":{"line":10,"column":195}},"type":"if","locations":[{"start":{"line":10,"column":44},"end":{"line":10,"column":195}},{"start":{"line":10,"column":44},"end":{"line":10,"column":195}}],"line":10},"3":{"loc":{"start":{"line":13,"column":15},"end":{"line":13,"column":87}},"type":"cond-expr","locations":[{"start":{"line":13,"column":68},"end":{"line":13,"column":80}},{"start":{"line":13,"column":83},"end":{"line":13,"column":87}}],"line":13},"4":{"loc":{"start":{"line":13,"column":15},"end":{"line":13,"column":65}},"type":"binary-expr","locations":[{"start":{"line":13,"column":15},"end":{"line":13,"column":35}},{"start":{"line":13,"column":39},"end":{"line":13,"column":65}}],"line":13},"5":{"loc":{"start":{"line":21,"column":20},"end":{"line":24,"column":17}},"type":"cond-expr","locations":[{"start":{"line":21,"column":29},"end":{"line":24,"column":10}},{"start":{"line":24,"column":13},"end":{"line":24,"column":17}}],"line":21},"6":{"loc":{"start":{"line":22,"column":6},"end":{"line":22,"column":110}},"type":"if","locations":[{"start":{"line":22,"column":6},"end":{"line":22,"column":110}},{"start":{"line":22,"column":6},"end":{"line":22,"column":110}}],"line":22},"7":{"loc":{"start":{"line":26,"column":4},"end":{"line":26,"column":132}},"type":"if","locations":[{"start":{"line":26,"column":4},"end":{"line":26,"column":132}},{"start":{"line":26,"column":4},"end":{"line":26,"column":132}}],"line":26},"8":{"loc":{"start":{"line":26,"column":8},"end":{"line":26,"column":56}},"type":"binary-expr","locations":[{"start":{"line":26,"column":8},"end":{"line":26,"column":17}},{"start":{"line":26,"column":21},"end":{"line":26,"column":56}}],"line":26},"9":{"loc":{"start":{"line":31,"column":4},"end":{"line":34,"column":5}},"type":"if","locations":[{"start":{"line":31,"column":4},"end":{"line":34,"column":5}},{"start":{"line":31,"column":4},"end":{"line":34,"column":5}}],"line":31},"10":{"loc":{"start":{"line":31,"column":8},"end":{"line":31,"column":63}},"type":"binary-expr","locations":[{"start":{"line":31,"column":8},"end":{"line":31,"column":28}},{"start":{"line":31,"column":32},"end":{"line":31,"column":63}}],"line":31}},"s":{"0":2,"1":2,"2":16,"3":16,"4":32,"5":32,"6":32,"7":32,"8":0,"9":32,"10":33,"11":16,"12":43,"13":0,"14":43,"15":43,"16":5,"17":5,"18":5,"19":5,"20":6,"21":6,"22":6,"23":10,"24":10,"25":0,"26":6,"27":0,"28":6,"29":6,"30":4,"31":4,"32":5,"33":2,"34":2},"f":{"0":16,"1":0,"2":33,"3":43,"4":5,"5":10},"b":{"0":[32,0],"1":[32,0],"2":[0,43],"3":[5,0],"4":[5,5],"5":[5,1],"6":[10,0],"7":[0,6],"8":[6,5],"9":[4,2],"10":[6,6]},"_coverageSchema":"43e27e138ebf9cfc5966b082cf9a028302ed4184","hash":"c0a2dd97aa74d6ecee2ffe6927378c6d4eb73cda"}
}
