TN:
SF:/Users/yml/practice/tree-traversal/lib/index.js
FN:13,_interopRequireDefault
FN:23,findOne
FN:34,convertToLinkedList
FN:42,(anonymous_3)
FNF:4
FNH:4
FNDA:4,_interopRequireDefault
FNDA:6,findOne
FNDA:5,convertToLinkedList
FNDA:4,(anonymous_3)
DA:3,2
DA:6,2
DA:7,2
DA:9,2
DA:11,2
DA:13,4
DA:24,6
DA:25,5
DA:27,4
DA:28,1
DA:31,3
DA:35,5
DA:37,4
DA:38,1
DA:41,3
DA:42,3
DA:43,4
DA:44,1
DA:48,2
DA:49,1
DA:52,1
LF:21
LH:21
BRDA:13,0,0,4
BRDA:13,0,1,0
BRDA:13,1,0,4
BRDA:13,1,1,4
BRDA:24,2,0,1
BRDA:24,2,1,5
BRDA:25,3,0,1
BRDA:25,3,1,4
BRDA:25,4,0,5
BRDA:25,4,1,5
BRDA:27,5,0,1
BRDA:27,5,1,3
BRDA:27,6,0,4
BRDA:27,6,1,4
BRDA:35,7,0,1
BRDA:35,7,1,4
BRDA:37,8,0,1
BRDA:37,8,1,3
BRDA:41,9,0,0
BRDA:41,9,1,3
BRDA:43,10,0,1
BRDA:43,10,1,3
BRDA:43,11,0,4
BRDA:43,11,1,3
BRDA:48,12,0,1
BRDA:48,12,1,1
BRDA:48,13,0,2
BRDA:48,13,1,1
BRF:28
BRH:26
end_of_record
TN:
SF:/Users/yml/practice/tree-traversal/lib/utils/findChild.js
FN:8,_toConsumableArray
FN:10,_nonIterableSpread
FN:12,_iterableToArray
FN:14,_arrayWithoutHoles
FN:16,findChild
FN:21,_loop
FN:22,(anonymous_6)
FNF:7
FNH:5
FNDA:15,_toConsumableArray
FNDA:0,_nonIterableSpread
FNDA:0,_iterableToArray
FNDA:15,_arrayWithoutHoles
FNDA:8,findChild
FNDA:10,_loop
FNDA:20,(anonymous_6)
DA:3,2
DA:6,2
DA:8,15
DA:10,0
DA:12,0
DA:14,32
DA:17,8
DA:18,8
DA:19,8
DA:21,8
DA:22,10
DA:23,20
DA:25,4
DA:26,4
DA:29,6
DA:30,5
DA:32,5
DA:33,5
DA:38,8
DA:39,10
DA:41,10
DA:44,8
DA:45,8
DA:48,0
DA:51,2
DA:52,2
LF:26
LH:23
BRDA:8,0,0,15
BRDA:8,0,1,0
BRDA:8,0,2,0
BRDA:12,1,0,0
BRDA:12,1,1,0
BRDA:12,2,0,0
BRDA:12,2,1,0
BRDA:14,3,0,15
BRDA:14,3,1,0
BRDA:17,4,0,8
BRDA:17,4,1,0
BRDA:17,5,0,8
BRDA:17,5,1,8
BRDA:22,6,0,4
BRDA:22,6,1,6
BRDA:29,7,0,5
BRDA:29,7,1,1
BRDA:29,8,0,6
BRDA:29,8,1,6
BRDA:32,9,0,5
BRDA:32,9,1,0
BRDA:41,10,0,4
BRDA:41,10,1,6
BRDA:44,11,0,8
BRDA:44,11,1,0
BRDA:45,12,0,5
BRDA:45,12,1,3
BRF:27
BRH:17
end_of_record
TN:
SF:/Users/yml/practice/tree-traversal/lib/utils/toLinkedList.js
FN:8,_objectSpread
FN:8,(anonymous_1)
FN:8,(anonymous_2)
FN:10,_defineProperty
FN:12,toLinkedList
FN:21,(anonymous_5)
FNF:6
FNH:5
FNDA:16,_objectSpread
FNDA:0,(anonymous_1)
FNDA:33,(anonymous_2)
FNDA:43,_defineProperty
FNDA:5,toLinkedList
FNDA:10,(anonymous_5)
DA:3,2
DA:6,2
DA:8,33
DA:10,43
DA:13,5
DA:14,5
DA:16,5
DA:17,6
DA:19,6
DA:21,6
DA:22,10
DA:23,0
DA:26,6
DA:27,6
DA:31,6
DA:32,4
DA:33,4
DA:37,5
DA:40,2
DA:41,2
LF:20
LH:19
BRDA:8,0,0,32
BRDA:8,0,1,0
BRDA:8,1,0,32
BRDA:8,1,1,0
BRDA:10,2,0,0
BRDA:10,2,1,43
BRDA:13,3,0,5
BRDA:13,3,1,0
BRDA:13,4,0,5
BRDA:13,4,1,5
BRDA:21,5,0,5
BRDA:21,5,1,1
BRDA:22,6,0,10
BRDA:22,6,1,0
BRDA:26,7,0,0
BRDA:26,7,1,6
BRDA:26,8,0,6
BRDA:26,8,1,5
BRDA:31,9,0,4
BRDA:31,9,1,2
BRDA:31,10,0,6
BRDA:31,10,1,6
BRF:22
BRH:16
end_of_record
